<?xml version="1.0" encoding="UTF-8"?>
<coverage generated="1578096525632" clover="3.2.0">
  <project timestamp="1578096525632" name="All files">
    <metrics statements="56" coveredstatements="47" conditionals="6" coveredconditionals="1" methods="23" coveredmethods="13" elements="85" coveredelements="61" complexity="0" loc="56" ncloc="56" packages="7" files="9" classes="9"/>
    <package name="cart-dropdown">
      <metrics statements="12" coveredstatements="12" conditionals="2" coveredconditionals="1" methods="3" coveredmethods="3"/>
      <file name="CartDropDown.js" path="G:\projects\react-course\shopper\client\src\components\cart-dropdown\CartDropDown.js">
        <metrics statements="7" coveredstatements="7" conditionals="2" coveredconditionals="1" methods="3" coveredmethods="3"/>
        <line num="10" count="1" type="stmt"/>
        <line num="11" count="2" type="stmt"/>
        <line num="12" count="1" type="stmt"/>
        <line num="13" count="1" type="stmt"/>
        <line num="15" count="2" type="stmt"/>
        <line num="19" count="4" type="stmt"/>
        <line num="33" count="1" type="stmt"/>
      </file>
      <file name="cartDropDownStyle.js" path="G:\projects\react-course\shopper\client\src\components\cart-dropdown\cartDropDownStyle.js">
        <metrics statements="5" coveredstatements="5" conditionals="0" coveredconditionals="0" methods="0" coveredmethods="0"/>
        <line num="4" count="1" type="stmt"/>
        <line num="30" count="1" type="stmt"/>
        <line num="34" count="1" type="stmt"/>
        <line num="36" count="1" type="stmt"/>
        <line num="43" count="1" type="stmt"/>
      </file>
    </package>
    <package name="cart-icon">
      <metrics statements="5" coveredstatements="4" conditionals="0" coveredconditionals="0" methods="3" coveredmethods="1"/>
      <file name="CartIcon.js" path="G:\projects\react-course\shopper\client\src\components\cart-icon\CartIcon.js">
        <metrics statements="5" coveredstatements="4" conditionals="0" coveredconditionals="0" methods="3" coveredmethods="1"/>
        <line num="9" count="1" type="stmt"/>
        <line num="10" count="3" type="stmt"/>
        <line num="18" count="1" type="stmt"/>
        <line num="19" count="0" type="stmt"/>
        <line num="21" count="1" type="stmt"/>
      </file>
    </package>
    <package name="cart-item">
      <metrics statements="2" coveredstatements="2" conditionals="0" coveredconditionals="0" methods="1" coveredmethods="1"/>
      <file name="CartItem.js" path="G:\projects\react-course\shopper\client\src\components\cart-item\CartItem.js">
        <metrics statements="2" coveredstatements="2" conditionals="0" coveredconditionals="0" methods="1" coveredmethods="1"/>
        <line num="4" count="2" type="stmt"/>
        <line num="5" count="3" type="stmt"/>
      </file>
    </package>
    <package name="checkout-item">
      <metrics statements="10" coveredstatements="7" conditionals="0" coveredconditionals="0" methods="8" coveredmethods="4"/>
      <file name="CheckoutItem.js" path="G:\projects\react-course\shopper\client\src\components\checkout-item\CheckoutItem.js">
        <metrics statements="10" coveredstatements="7" conditionals="0" coveredconditionals="0" methods="8" coveredmethods="4"/>
        <line num="6" count="1" type="stmt"/>
        <line num="7" count="4" type="stmt"/>
        <line num="8" count="4" type="stmt"/>
        <line num="15" count="1" type="stmt"/>
        <line num="19" count="1" type="stmt"/>
        <line num="24" count="1" type="stmt"/>
        <line num="33" count="1" type="stmt"/>
        <line num="34" count="0" type="stmt"/>
        <line num="35" count="0" type="stmt"/>
        <line num="36" count="0" type="stmt"/>
      </file>
    </package>
    <package name="collection-item">
      <metrics statements="14" coveredstatements="12" conditionals="0" coveredconditionals="0" methods="5" coveredmethods="2"/>
      <file name="CollectionItem.js" path="G:\projects\react-course\shopper\client\src\components\collection-item\CollectionItem.js">
        <metrics statements="6" coveredstatements="5" conditionals="0" coveredconditionals="0" methods="4" coveredmethods="2"/>
        <line num="13" count="2" type="stmt"/>
        <line num="14" count="2" type="stmt"/>
        <line num="15" count="2" type="stmt"/>
        <line num="22" count="1" type="stmt"/>
        <line num="29" count="2" type="stmt"/>
        <line num="30" count="0" type="stmt"/>
      </file>
      <file name="collectionItemStyles.js" path="G:\projects\react-course\shopper\client\src\components\collection-item\collectionItemStyles.js">
        <metrics statements="8" coveredstatements="7" conditionals="0" coveredconditionals="0" methods="1" coveredmethods="0"/>
        <line num="4" count="2" type="stmt"/>
        <line num="35" count="2" type="stmt"/>
        <line num="40" count="0" type="stmt"/>
        <line num="43" count="2" type="stmt"/>
        <line num="57" count="2" type="stmt"/>
        <line num="72" count="2" type="stmt"/>
        <line num="74" count="2" type="stmt"/>
        <line num="83" count="2" type="stmt"/>
      </file>
    </package>
    <package name="collection-overview">
      <metrics statements="4" coveredstatements="4" conditionals="0" coveredconditionals="0" methods="2" coveredmethods="2"/>
      <file name="CollectionOverview.js" path="G:\projects\react-course\shopper\client\src\components\collection-overview\CollectionOverview.js">
        <metrics statements="4" coveredstatements="4" conditionals="0" coveredconditionals="0" methods="2" coveredmethods="2"/>
        <line num="9" count="1" type="stmt"/>
        <line num="10" count="1" type="stmt"/>
        <line num="13" count="1" type="stmt"/>
        <line num="18" count="1" type="stmt"/>
      </file>
    </package>
    <package name="custom-button">
      <metrics statements="9" coveredstatements="6" conditionals="4" coveredconditionals="0" methods="1" coveredmethods="0"/>
      <file name="customButtonStyle.js" path="G:\projects\react-course\shopper\client\src\components\custom-button\customButtonStyle.js">
        <metrics statements="9" coveredstatements="6" conditionals="4" coveredconditionals="0" methods="1" coveredmethods="0"/>
        <line num="3" count="4" type="stmt"/>
        <line num="14" count="4" type="stmt"/>
        <line num="24" count="4" type="stmt"/>
        <line num="33" count="4" type="stmt"/>
        <line num="34" count="0" type="cond" truecount="0" falsecount="2"/>
        <line num="35" count="0" type="stmt"/>
        <line num="37" count="0" type="cond" truecount="0" falsecount="2"/>
        <line num="40" count="4" type="stmt"/>
        <line num="57" count="4" type="stmt"/>
      </file>
    </package>
  </project>
</coverage>
