{"G:\\projects\\react-course\\shopper\\client\\src\\components\\cart-dropdown\\CartDropDown.js": {"path":"G:\\projects\\react-course\\shopper\\client\\src\\components\\cart-dropdown\\CartDropDown.js","statementMap":{"0":{"start":{"line":10,"column":28},"end":{"line":27,"column":1}},"1":{"start":{"line":11,"column":24},"end":{"line":14,"column":2}},"2":{"start":{"line":12,"column":2},"end":{"line":12,"column":31}},"3":{"start":{"line":13,"column":2},"end":{"line":13,"column":35}},"4":{"start":{"line":15,"column":1},"end":{"line":26,"column":3}},"5":{"start":{"line":19,"column":29},"end":{"line":19,"column":67}},"6":{"start":{"line":33,"column":24},"end":{"line":35,"column":2}}},"fnMap":{"0":{"name":"(anonymous_0)","decl":{"start":{"line":10,"column":28},"end":{"line":10,"column":29}},"loc":{"start":{"line":10,"column":66},"end":{"line":27,"column":1}},"line":10},"1":{"name":"(anonymous_1)","decl":{"start":{"line":11,"column":24},"end":{"line":11,"column":25}},"loc":{"start":{"line":11,"column":30},"end":{"line":14,"column":2}},"line":11},"2":{"name":"(anonymous_2)","decl":{"start":{"line":19,"column":19},"end":{"line":19,"column":20}},"loc":{"start":{"line":19,"column":29},"end":{"line":19,"column":67}},"line":19}},"branchMap":{"0":{"loc":{"start":{"line":18,"column":5},"end":{"line":22,"column":5}},"type":"cond-expr","locations":[{"start":{"line":19,"column":5},"end":{"line":19,"column":68}},{"start":{"line":21,"column":5},"end":{"line":21,"column":39}}],"line":18}},"s":{"0":1,"1":2,"2":1,"3":1,"4":2,"5":4,"6":1},"f":{"0":2,"1":1,"2":4},"b":{"0":[2,0]},"_coverageSchema":"43e27e138ebf9cfc5966b082cf9a028302ed4184","hash":"b5550815fa41c5f661d7e9c38bf1a5525d0dd113"}
,"G:\\projects\\react-course\\shopper\\client\\src\\components\\cart-dropdown\\cartDropDownStyle.js": {"path":"G:\\projects\\react-course\\shopper\\client\\src\\components\\cart-dropdown\\cartDropDownStyle.js","statementMap":{"0":{"start":{"line":4,"column":33},"end":{"line":28,"column":1}},"1":{"start":{"line":30,"column":34},"end":{"line":32,"column":1}},"2":{"start":{"line":34,"column":0},"end":{"line":34,"column":54}},"3":{"start":{"line":36,"column":33},"end":{"line":41,"column":1}},"4":{"start":{"line":43,"column":23},"end":{"line":49,"column":1}}},"fnMap":{},"branchMap":{},"s":{"0":1,"1":1,"2":1,"3":1,"4":1},"f":{},"b":{},"_coverageSchema":"43e27e138ebf9cfc5966b082cf9a028302ed4184","hash":"933c2f32af606fd20667afe22fd609a6a8b3e733"}
,"G:\\projects\\react-course\\shopper\\client\\src\\components\\cart-icon\\CartIcon.js": {"path":"G:\\projects\\react-course\\shopper\\client\\src\\components\\cart-icon\\CartIcon.js","statementMap":{"0":{"start":{"line":9,"column":24},"end":{"line":16,"column":1}},"1":{"start":{"line":10,"column":1},"end":{"line":15,"column":3}},"2":{"start":{"line":18,"column":27},"end":{"line":20,"column":2}},"3":{"start":{"line":18,"column":42},"end":{"line":20,"column":1}},"4":{"start":{"line":19,"column":25},"end":{"line":19,"column":53}},"5":{"start":{"line":21,"column":24},"end":{"line":23,"column":2}}},"fnMap":{"0":{"name":"(anonymous_0)","decl":{"start":{"line":9,"column":24},"end":{"line":9,"column":25}},"loc":{"start":{"line":9,"column":61},"end":{"line":16,"column":1}},"line":9},"1":{"name":"(anonymous_1)","decl":{"start":{"line":18,"column":27},"end":{"line":18,"column":28}},"loc":{"start":{"line":18,"column":42},"end":{"line":20,"column":1}},"line":18},"2":{"name":"(anonymous_2)","decl":{"start":{"line":19,"column":19},"end":{"line":19,"column":20}},"loc":{"start":{"line":19,"column":25},"end":{"line":19,"column":53}},"line":19}},"branchMap":{},"s":{"0":1,"1":3,"2":1,"3":0,"4":0,"5":1},"f":{"0":3,"1":0,"2":0},"b":{},"_coverageSchema":"43e27e138ebf9cfc5966b082cf9a028302ed4184","hash":"cb98beaf7776244b81377e9dee093d9feb2fa356"}
,"G:\\projects\\react-course\\shopper\\client\\src\\components\\cart-item\\CartItem.js": {"path":"G:\\projects\\react-course\\shopper\\client\\src\\components\\cart-item\\CartItem.js","statementMap":{"0":{"start":{"line":4,"column":24},"end":{"line":16,"column":1}},"1":{"start":{"line":5,"column":1},"end":{"line":15,"column":3}}},"fnMap":{"0":{"name":"(anonymous_0)","decl":{"start":{"line":4,"column":24},"end":{"line":4,"column":25}},"loc":{"start":{"line":4,"column":75},"end":{"line":16,"column":1}},"line":4}},"branchMap":{},"s":{"0":2,"1":3},"f":{"0":3},"b":{},"_coverageSchema":"43e27e138ebf9cfc5966b082cf9a028302ed4184","hash":"1bf60aa1dacbdc40713650537c6fa7fd0a4b56de"}
,"G:\\projects\\react-course\\shopper\\client\\src\\components\\checkout-item\\CheckoutItem.js": {"path":"G:\\projects\\react-course\\shopper\\client\\src\\components\\checkout-item\\CheckoutItem.js","statementMap":{"0":{"start":{"line":6,"column":28},"end":{"line":29,"column":1}},"1":{"start":{"line":7,"column":45},"end":{"line":7,"column":53}},"2":{"start":{"line":8,"column":1},"end":{"line":28,"column":3}},"3":{"start":{"line":15,"column":24},"end":{"line":15,"column":44}},"4":{"start":{"line":19,"column":24},"end":{"line":19,"column":41}},"5":{"start":{"line":24,"column":23},"end":{"line":24,"column":42}},"6":{"start":{"line":33,"column":27},"end":{"line":37,"column":2}},"7":{"start":{"line":33,"column":42},"end":{"line":37,"column":1}},"8":{"start":{"line":34,"column":22},"end":{"line":34,"column":55}},"9":{"start":{"line":35,"column":20},"end":{"line":35,"column":43}},"10":{"start":{"line":36,"column":23},"end":{"line":36,"column":49}}},"fnMap":{"0":{"name":"(anonymous_0)","decl":{"start":{"line":6,"column":28},"end":{"line":6,"column":29}},"loc":{"start":{"line":6,"column":78},"end":{"line":29,"column":1}},"line":6},"1":{"name":"(anonymous_1)","decl":{"start":{"line":15,"column":18},"end":{"line":15,"column":19}},"loc":{"start":{"line":15,"column":24},"end":{"line":15,"column":44}},"line":15},"2":{"name":"(anonymous_2)","decl":{"start":{"line":19,"column":18},"end":{"line":19,"column":19}},"loc":{"start":{"line":19,"column":24},"end":{"line":19,"column":41}},"line":19},"3":{"name":"(anonymous_3)","decl":{"start":{"line":24,"column":17},"end":{"line":24,"column":18}},"loc":{"start":{"line":24,"column":23},"end":{"line":24,"column":42}},"line":24},"4":{"name":"(anonymous_4)","decl":{"start":{"line":33,"column":27},"end":{"line":33,"column":28}},"loc":{"start":{"line":33,"column":42},"end":{"line":37,"column":1}},"line":33},"5":{"name":"(anonymous_5)","decl":{"start":{"line":34,"column":12},"end":{"line":34,"column":13}},"loc":{"start":{"line":34,"column":22},"end":{"line":34,"column":55}},"line":34},"6":{"name":"(anonymous_6)","decl":{"start":{"line":35,"column":10},"end":{"line":35,"column":11}},"loc":{"start":{"line":35,"column":20},"end":{"line":35,"column":43}},"line":35},"7":{"name":"(anonymous_7)","decl":{"start":{"line":36,"column":13},"end":{"line":36,"column":14}},"loc":{"start":{"line":36,"column":23},"end":{"line":36,"column":49}},"line":36}},"branchMap":{},"s":{"0":1,"1":4,"2":4,"3":1,"4":1,"5":1,"6":1,"7":0,"8":0,"9":0,"10":0},"f":{"0":4,"1":1,"2":1,"3":1,"4":0,"5":0,"6":0,"7":0},"b":{},"_coverageSchema":"43e27e138ebf9cfc5966b082cf9a028302ed4184","hash":"2b95134b23fffd3c2187eec320a2e096f6ece6b9"}
,"G:\\projects\\react-course\\shopper\\client\\src\\components\\collection-item\\CollectionItem.js": {"path":"G:\\projects\\react-course\\shopper\\client\\src\\components\\collection-item\\CollectionItem.js","statementMap":{"0":{"start":{"line":13,"column":30},"end":{"line":27,"column":1}},"1":{"start":{"line":14,"column":35},"end":{"line":14,"column":39}},"2":{"start":{"line":15,"column":1},"end":{"line":26,"column":3}},"3":{"start":{"line":22,"column":40},"end":{"line":22,"column":53}},"4":{"start":{"line":29,"column":27},"end":{"line":31,"column":2}},"5":{"start":{"line":29,"column":42},"end":{"line":31,"column":1}},"6":{"start":{"line":30,"column":20},"end":{"line":30,"column":43}}},"fnMap":{"0":{"name":"(anonymous_0)","decl":{"start":{"line":13,"column":30},"end":{"line":13,"column":31}},"loc":{"start":{"line":13,"column":53},"end":{"line":27,"column":1}},"line":13},"1":{"name":"(anonymous_1)","decl":{"start":{"line":22,"column":34},"end":{"line":22,"column":35}},"loc":{"start":{"line":22,"column":40},"end":{"line":22,"column":53}},"line":22},"2":{"name":"(anonymous_2)","decl":{"start":{"line":29,"column":27},"end":{"line":29,"column":28}},"loc":{"start":{"line":29,"column":42},"end":{"line":31,"column":1}},"line":29},"3":{"name":"(anonymous_3)","decl":{"start":{"line":30,"column":10},"end":{"line":30,"column":11}},"loc":{"start":{"line":30,"column":20},"end":{"line":30,"column":43}},"line":30}},"branchMap":{},"s":{"0":2,"1":2,"2":2,"3":1,"4":2,"5":0,"6":0},"f":{"0":2,"1":1,"2":0,"3":0},"b":{},"_coverageSchema":"43e27e138ebf9cfc5966b082cf9a028302ed4184","hash":"00c84881e2713d1d87ea2db6d5e6e68c1e651b41"}
,"G:\\projects\\react-course\\shopper\\client\\src\\components\\collection-item\\collectionItemStyles.js": {"path":"G:\\projects\\react-course\\shopper\\client\\src\\components\\collection-item\\collectionItemStyles.js","statementMap":{"0":{"start":{"line":4,"column":39},"end":{"line":33,"column":1}},"1":{"start":{"line":35,"column":35},"end":{"line":41,"column":1}},"2":{"start":{"line":40,"column":39},"end":{"line":40,"column":57}},"3":{"start":{"line":43,"column":36},"end":{"line":55,"column":1}},"4":{"start":{"line":57,"column":36},"end":{"line":70,"column":1}},"5":{"start":{"line":72,"column":0},"end":{"line":72,"column":54}},"6":{"start":{"line":74,"column":34},"end":{"line":82,"column":1}},"7":{"start":{"line":83,"column":35},"end":{"line":90,"column":1}}},"fnMap":{"0":{"name":"(anonymous_0)","decl":{"start":{"line":40,"column":21},"end":{"line":40,"column":22}},"loc":{"start":{"line":40,"column":39},"end":{"line":40,"column":57}},"line":40}},"branchMap":{},"s":{"0":2,"1":2,"2":0,"3":2,"4":2,"5":2,"6":2,"7":2},"f":{"0":0},"b":{},"_coverageSchema":"43e27e138ebf9cfc5966b082cf9a028302ed4184","hash":"fd9ea3bdc909cd089d4c86f6e210764130675e1b"}
,"G:\\projects\\react-course\\shopper\\client\\src\\components\\collection-overview\\CollectionOverview.js": {"path":"G:\\projects\\react-course\\shopper\\client\\src\\components\\collection-overview\\CollectionOverview.js","statementMap":{"0":{"start":{"line":9,"column":34},"end":{"line":17,"column":1}},"1":{"start":{"line":10,"column":1},"end":{"line":16,"column":3}},"2":{"start":{"line":13,"column":4},"end":{"line":13,"column":52}},"3":{"start":{"line":18,"column":24},"end":{"line":20,"column":2}}},"fnMap":{"0":{"name":"(anonymous_0)","decl":{"start":{"line":9,"column":34},"end":{"line":9,"column":35}},"loc":{"start":{"line":9,"column":55},"end":{"line":17,"column":1}},"line":9},"1":{"name":"(anonymous_1)","decl":{"start":{"line":12,"column":20},"end":{"line":12,"column":21}},"loc":{"start":{"line":12,"column":41},"end":{"line":14,"column":4}},"line":12}},"branchMap":{},"s":{"0":1,"1":1,"2":1,"3":1},"f":{"0":1,"1":1},"b":{},"_coverageSchema":"43e27e138ebf9cfc5966b082cf9a028302ed4184","hash":"17778dda3fd9f62bcc6de686f6236ee30929b055"}
,"G:\\projects\\react-course\\shopper\\client\\src\\components\\custom-button\\customButtonStyle.js": {"path":"G:\\projects\\react-course\\shopper\\client\\src\\components\\custom-button\\customButtonStyle.js","statementMap":{"0":{"start":{"line":3,"column":21},"end":{"line":12,"column":1}},"1":{"start":{"line":14,"column":29},"end":{"line":22,"column":1}},"2":{"start":{"line":24,"column":27},"end":{"line":31,"column":1}},"3":{"start":{"line":33,"column":24},"end":{"line":38,"column":1}},"4":{"start":{"line":34,"column":1},"end":{"line":36,"column":2}},"5":{"start":{"line":35,"column":2},"end":{"line":35,"column":28}},"6":{"start":{"line":37,"column":1},"end":{"line":37,"column":61}},"7":{"start":{"line":40,"column":37},"end":{"line":55,"column":1}},"8":{"start":{"line":57,"column":0},"end":{"line":57,"column":50}}},"fnMap":{"0":{"name":"(anonymous_0)","decl":{"start":{"line":33,"column":24},"end":{"line":33,"column":25}},"loc":{"start":{"line":33,"column":35},"end":{"line":38,"column":1}},"line":33}},"branchMap":{"0":{"loc":{"start":{"line":34,"column":1},"end":{"line":36,"column":2}},"type":"if","locations":[{"start":{"line":34,"column":1},"end":{"line":36,"column":2}},{"start":{"line":34,"column":1},"end":{"line":36,"column":2}}],"line":34},"1":{"loc":{"start":{"line":37,"column":8},"end":{"line":37,"column":60}},"type":"cond-expr","locations":[{"start":{"line":37,"column":25},"end":{"line":37,"column":45}},{"start":{"line":37,"column":48},"end":{"line":37,"column":60}}],"line":37}},"s":{"0":4,"1":4,"2":4,"3":4,"4":0,"5":0,"6":0,"7":4,"8":4},"f":{"0":0},"b":{"0":[0,0],"1":[0,0]},"_coverageSchema":"43e27e138ebf9cfc5966b082cf9a028302ed4184","hash":"f02bb37ffc51c647df94a608a5702bcf8076e8dd"}
}
