TN:
SF:G:\projects\react-course\shopper\client\src\components\cart-dropdown\CartDropDown.js
FN:10,(anonymous_0)
FN:11,(anonymous_1)
FN:19,(anonymous_2)
FNF:3
FNH:3
FNDA:2,(anonymous_0)
FNDA:1,(anonymous_1)
FNDA:4,(anonymous_2)
DA:10,1
DA:11,2
DA:12,1
DA:13,1
DA:15,2
DA:19,4
DA:33,1
LF:7
LH:7
BRDA:18,0,0,2
BRDA:18,0,1,0
BRF:2
BRH:1
end_of_record
TN:
SF:G:\projects\react-course\shopper\client\src\components\cart-dropdown\cartDropDownStyle.js
FNF:0
FNH:0
DA:4,1
DA:30,1
DA:34,1
DA:36,1
DA:43,1
LF:5
LH:5
BRF:0
BRH:0
end_of_record
TN:
SF:G:\projects\react-course\shopper\client\src\components\cart-icon\CartIcon.js
FN:9,(anonymous_0)
FN:18,(anonymous_1)
FN:19,(anonymous_2)
FNF:3
FNH:1
FNDA:3,(anonymous_0)
FNDA:0,(anonymous_1)
FNDA:0,(anonymous_2)
DA:9,1
DA:10,3
DA:18,1
DA:19,0
DA:21,1
LF:5
LH:4
BRF:0
BRH:0
end_of_record
TN:
SF:G:\projects\react-course\shopper\client\src\components\cart-item\CartItem.js
FN:4,(anonymous_0)
FNF:1
FNH:1
FNDA:3,(anonymous_0)
DA:4,2
DA:5,3
LF:2
LH:2
BRF:0
BRH:0
end_of_record
TN:
SF:G:\projects\react-course\shopper\client\src\components\checkout-item\CheckoutItem.js
FN:6,(anonymous_0)
FN:15,(anonymous_1)
FN:19,(anonymous_2)
FN:24,(anonymous_3)
FN:33,(anonymous_4)
FN:34,(anonymous_5)
FN:35,(anonymous_6)
FN:36,(anonymous_7)
FNF:8
FNH:4
FNDA:4,(anonymous_0)
FNDA:1,(anonymous_1)
FNDA:1,(anonymous_2)
FNDA:1,(anonymous_3)
FNDA:0,(anonymous_4)
FNDA:0,(anonymous_5)
FNDA:0,(anonymous_6)
FNDA:0,(anonymous_7)
DA:6,1
DA:7,4
DA:8,4
DA:15,1
DA:19,1
DA:24,1
DA:33,1
DA:34,0
DA:35,0
DA:36,0
LF:10
LH:7
BRF:0
BRH:0
end_of_record
TN:
SF:G:\projects\react-course\shopper\client\src\components\collection-item\CollectionItem.js
FN:13,(anonymous_0)
FN:22,(anonymous_1)
FN:29,(anonymous_2)
FN:30,(anonymous_3)
FNF:4
FNH:2
FNDA:2,(anonymous_0)
FNDA:1,(anonymous_1)
FNDA:0,(anonymous_2)
FNDA:0,(anonymous_3)
DA:13,2
DA:14,2
DA:15,2
DA:22,1
DA:29,2
DA:30,0
LF:6
LH:5
BRF:0
BRH:0
end_of_record
TN:
SF:G:\projects\react-course\shopper\client\src\components\collection-item\collectionItemStyles.js
FN:40,(anonymous_0)
FNF:1
FNH:0
FNDA:0,(anonymous_0)
DA:4,2
DA:35,2
DA:40,0
DA:43,2
DA:57,2
DA:72,2
DA:74,2
DA:83,2
LF:8
LH:7
BRF:0
BRH:0
end_of_record
TN:
SF:G:\projects\react-course\shopper\client\src\components\collection-overview\CollectionOverview.js
FN:9,(anonymous_0)
FN:12,(anonymous_1)
FNF:2
FNH:2
FNDA:1,(anonymous_0)
FNDA:1,(anonymous_1)
DA:9,1
DA:10,1
DA:13,1
DA:18,1
LF:4
LH:4
BRF:0
BRH:0
end_of_record
TN:
SF:G:\projects\react-course\shopper\client\src\components\custom-button\customButtonStyle.js
FN:33,(anonymous_0)
FNF:1
FNH:0
FNDA:0,(anonymous_0)
DA:3,4
DA:14,4
DA:24,4
DA:33,4
DA:34,0
DA:35,0
DA:37,0
DA:40,4
DA:57,4
LF:9
LH:6
BRDA:34,0,0,0
BRDA:34,0,1,0
BRDA:37,1,0,0
BRDA:37,1,1,0
BRF:4
BRH:0
end_of_record
